<?xml version="1.0" encoding="UTF-8"?>
<!-- Generated by org.testng.reporters.JUnitXMLReporter -->
<testsuite hostname="DESKTOP-1E44LHG" ignored="0" name="regression" tests="7" failures="4" timestamp="24 Jun 2018 19:46:05 GMT" time="0.105" errors="0">
  <testcase name="cosTest" time="0.021" classname="tests.testng.CosTest">
    <failure type="java.lang.AssertionError" message="expected [true] but found [false]">
      <![CDATA[java.lang.AssertionError: expected [true] but found [false]
at tests.testng.CosTest.cosTest(CosTest.java:16)
at Runner.main(Runner.java:24)
... Removed 27 stack frames]]>
    </failure>
  </testcase> <!-- cosTest -->
  <testcase name="cosTest" time="0.001" classname="tests.testng.CosTest">
    <failure type="java.lang.AssertionError" message="expected [true] but found [false]">
      <![CDATA[java.lang.AssertionError: expected [true] but found [false]
at tests.testng.CosTest.cosTest(CosTest.java:16)
at Runner.main(Runner.java:24)
... Removed 27 stack frames]]>
    </failure>
  </testcase> <!-- cosTest -->
  <testcase name="cosTest" time="0.0" classname="tests.testng.CosTest">
    <failure type="java.lang.AssertionError" message="expected [true] but found [false]">
      <![CDATA[java.lang.AssertionError: expected [true] but found [false]
at tests.testng.CosTest.cosTest(CosTest.java:16)
at Runner.main(Runner.java:24)
... Removed 27 stack frames]]>
    </failure>
  </testcase> <!-- cosTest -->
  <testcase name="cosTest" time="0.001" classname="tests.testng.SinTest"/>
  <testcase name="cosTest" time="0.0" classname="tests.testng.SinTest"/>
  <testcase name="cosTest" time="0.0" classname="tests.testng.SinTest"/>
  <testcase name="cosTest" time="0.001" classname="tests.testng.SinTest">
    <failure type="java.lang.AssertionError" message="expected [true] but found [false]">
      <![CDATA[java.lang.AssertionError: expected [true] but found [false]
at tests.testng.SinTest.cosTest(SinTest.java:16)
at Runner.main(Runner.java:24)
... Removed 27 stack frames]]>
    </failure>
  </testcase> <!-- cosTest -->
</testsuite> <!-- regression -->
