<?xml version="1.0" encoding="UTF-8"?>
<!-- Generated by org.testng.reporters.JUnitXMLReporter -->
<testsuite hostname="EPRUPETW1782" ignored="0" name="Test classes for other methods" tests="6" failures="0" timestamp="26 Jun 2018 11:35:28 GMT" time="0.011" errors="0">
  <testcase name="isNegativeTest" time="0.002" classname="tests.testng.IsNegativeTest"/>
  <testcase name="isNegativeTest" time="0.0" classname="tests.testng.IsNegativeTest"/>
  <testcase name="isNegativeTest" time="0.0" classname="tests.testng.IsNegativeTest"/>
  <testcase name="isPositiveTest" time="0.001" classname="tests.testng.IsPositiveTest"/>
  <testcase name="isPositiveTest" time="0.0" classname="tests.testng.IsPositiveTest"/>
  <testcase name="isPositiveTest" time="0.0" classname="tests.testng.IsPositiveTest"/>
</testsuite> <!-- Test classes for other methods -->
