<?xml version="1.0" encoding="UTF-8"?>
<!-- Generated by org.testng.reporters.JUnitReportReporter -->
<testsuite skipped="0" hostname="EPRUPETW1782" name="tests.testng.SubDoubleTest" tests="4" failures="0" timestamp="26 Jun 2018 11:35:28 GMT" time="0.000" errors="0">
  <testcase name="subDoubleTest" time="0.000" classname="tests.testng.SubDoubleTest"/>
  <testcase name="subDoubleTest" time="0.000" classname="tests.testng.SubDoubleTest"/>
  <testcase name="subDoubleTest" time="0.000" classname="tests.testng.SubDoubleTest"/>
  <testcase name="subDoubleTest" time="0.000" classname="tests.testng.SubDoubleTest"/>
</testsuite> <!-- tests.testng.SubDoubleTest -->
