<?xml version="1.0" encoding="UTF-8"?>
<!-- Generated by org.testng.reporters.JUnitReportReporter -->
<testsuite skipped="0" hostname="EPRUPETW1782" name="tests.testng.PowTest" tests="3" failures="0" timestamp="26 Jun 2018 11:35:28 GMT" time="0.000" errors="0">
  <testcase name="twoPow2" time="0.000" classname="tests.testng.PowTest"/>
  <testcase name="twoPow2" time="0.000" classname="tests.testng.PowTest"/>
  <testcase name="twoPow2" time="0.000" classname="tests.testng.PowTest"/>
</testsuite> <!-- tests.testng.PowTest -->
